<?xml version="1.0" encoding="UTF-8"?>
<coverage generated="1645539916034" clover="3.2.0">
  <project timestamp="1645539916034" name="All files">
    <metrics statements="6" coveredstatements="6" conditionals="4" coveredconditionals="4" methods="1" coveredmethods="1" elements="11" coveredelements="11" complexity="0" loc="6" ncloc="6" packages="1" files="1" classes="1"/>
    <file name="LetterTile.vue" path="/Users/ian/Code/growthSessions/gs-wordle/src/components/LetterTile.vue">
      <metrics statements="6" coveredstatements="6" conditionals="4" coveredconditionals="4" methods="1" coveredmethods="1"/>
      <line num="11" count="1" type="stmt"/>
      <line num="25" count="4" type="cond" truecount="4" falsecount="0"/>
      <line num="27" count="1" type="stmt"/>
      <line num="29" count="1" type="stmt"/>
      <line num="31" count="1" type="stmt"/>
      <line num="33" count="1" type="stmt"/>
    </file>
  </project>
</coverage>
