{"/Users/ian/Code/growthSessions/gs-wordle/src/App.vue": {"path":"/Users/ian/Code/growthSessions/gs-wordle/src/App.vue","statementMap":{"0":{"start":{"line":19,"column":33},"end":{"line":19,"column":null}},"1":{"start":{"line":27,"column":15},"end":{"line":27,"column":null}},"2":{"start":{"line":30,"column":4},"end":{"line":30,"column":11}},"3":{"start":{"line":41,"column":27},"end":{"line":41,"column":5}},"4":{"start":{"line":45,"column":6},"end":{"line":45,"column":11}},"5":{"start":{"line":46,"column":8},"end":{"line":46,"column":15}},"6":{"start":{"line":47,"column":8},"end":{"line":56,"column":null}},"7":{"start":{"line":48,"column":10},"end":{"line":48,"column":17}},"8":{"start":{"line":49,"column":10},"end":{"line":49,"column":15}},"9":{"start":{"line":50,"column":15},"end":{"line":56,"column":null}},"10":{"start":{"line":51,"column":10},"end":{"line":51,"column":17}},"11":{"start":{"line":52,"column":10},"end":{"line":52,"column":15}},"12":{"start":{"line":54,"column":10},"end":{"line":54,"column":17}},"13":{"start":{"line":55,"column":10},"end":{"line":55,"column":15}},"14":{"start":{"line":61,"column":6},"end":{"line":67,"column":null}},"15":{"start":{"line":62,"column":8},"end":{"line":62,"column":13}},"16":{"start":{"line":63,"column":13},"end":{"line":67,"column":null}},"17":{"start":{"line":64,"column":8},"end":{"line":64,"column":13}},"18":{"start":{"line":66,"column":8},"end":{"line":66,"column":13}},"19":{"start":{"line":70,"column":6},"end":{"line":72,"column":null}},"20":{"start":{"line":71,"column":8},"end":{"line":71,"column":null}},"21":{"start":{"line":73,"column":6},"end":{"line":73,"column":11}}},"fnMap":{"0":{"name":"(anonymous_0)","decl":{"start":{"line":29,"column":2},"end":{"line":29,"column":6}},"loc":{"start":{"line":29,"column":9},"end":{"line":34,"column":null}}},"1":{"name":"(anonymous_1)","decl":{"start":{"line":40,"column":4},"end":{"line":40,"column":30}},"loc":{"start":{"line":40,"column":33},"end":{"line":58,"column":null}}},"2":{"name":"(anonymous_2)","decl":{"start":{"line":45,"column":20},"end":{"line":45,"column":30}},"loc":{"start":{"line":45,"column":45},"end":{"line":57,"column":9}}},"3":{"name":"(anonymous_3)","decl":{"start":{"line":60,"column":4},"end":{"line":60,"column":14}},"loc":{"start":{"line":60,"column":23},"end":{"line":68,"column":null}}},"4":{"name":"(anonymous_4)","decl":{"start":{"line":69,"column":4},"end":{"line":69,"column":10}},"loc":{"start":{"line":69,"column":13},"end":{"line":74,"column":null}}}},"branchMap":{"0":{"loc":{"start":{"line":47,"column":8},"end":{"line":56,"column":null}},"type":"if","locations":[{"start":{"line":47,"column":8},"end":{"line":56,"column":null}},{"start":{"line":50,"column":15},"end":{"line":56,"column":null}}]},"1":{"loc":{"start":{"line":50,"column":15},"end":{"line":56,"column":null}},"type":"if","locations":[{"start":{"line":50,"column":15},"end":{"line":56,"column":null}},{"start":{"line":53,"column":15},"end":{"line":56,"column":null}}]},"2":{"loc":{"start":{"line":61,"column":6},"end":{"line":67,"column":null}},"type":"if","locations":[{"start":{"line":61,"column":6},"end":{"line":67,"column":null}},{"start":{"line":63,"column":13},"end":{"line":67,"column":null}}]},"3":{"loc":{"start":{"line":63,"column":13},"end":{"line":67,"column":null}},"type":"if","locations":[{"start":{"line":63,"column":13},"end":{"line":67,"column":null}},{"start":{"line":65,"column":13},"end":{"line":67,"column":null}}]},"4":{"loc":{"start":{"line":70,"column":6},"end":{"line":72,"column":null}},"type":"if","locations":[{"start":{"line":70,"column":6},"end":{"line":72,"column":null}}]}},"s":{"0":0,"1":0,"2":0,"3":0,"4":0,"5":0,"6":0,"7":0,"8":0,"9":0,"10":0,"11":0,"12":0,"13":0,"14":0,"15":0,"16":0,"17":0,"18":0,"19":0,"20":0,"21":0},"f":{"0":0,"1":0,"2":0,"3":0,"4":0},"b":{"0":[0,0],"1":[0,0],"2":[0,0],"3":[0,0],"4":[0]}}
,"/Users/ian/Code/growthSessions/gs-wordle/src/components/LetterTile.vue": {"path":"/Users/ian/Code/growthSessions/gs-wordle/src/components/LetterTile.vue","statementMap":{"0":{"start":{"line":11,"column":15},"end":{"line":11,"column":null}},"1":{"start":{"line":25,"column":6},"end":{"line":25,"column":14}},"2":{"start":{"line":27,"column":10},"end":{"line":27,"column":17}},"3":{"start":{"line":29,"column":10},"end":{"line":29,"column":17}},"4":{"start":{"line":31,"column":10},"end":{"line":31,"column":17}},"5":{"start":{"line":33,"column":10},"end":{"line":33,"column":17}},"6":{"start":{"line":39,"column":6},"end":{"line":39,"column":13}}},"fnMap":{"0":{"name":"(anonymous_0)","decl":{"start":{"line":24,"column":4},"end":{"line":24,"column":12}},"loc":{"start":{"line":24,"column":20},"end":{"line":35,"column":null}}},"1":{"name":"(anonymous_1)","decl":{"start":{"line":38,"column":4},"end":{"line":38,"column":13}},"loc":{"start":{"line":38,"column":16},"end":{"line":40,"column":null}}}},"branchMap":{"0":{"loc":{"start":{"line":25,"column":6},"end":{"line":25,"column":14}},"type":"switch","locations":[{"start":{"line":26,"column":8},"end":{"line":27,"column":17}},{"start":{"line":28,"column":8},"end":{"line":29,"column":17}},{"start":{"line":30,"column":8},"end":{"line":31,"column":17}},{"start":{"line":32,"column":8},"end":{"line":33,"column":17}}]}},"s":{"0":1,"1":1,"2":0,"3":0,"4":0,"5":1,"6":0},"f":{"0":1,"1":0},"b":{"0":[0,0,0,1]}}
}
