{"/Users/ian/Code/growthSessions/gs-wordle/src/components/LetterTile.vue": {"path":"/Users/ian/Code/growthSessions/gs-wordle/src/components/LetterTile.vue","statementMap":{"0":{"start":{"line":11,"column":15},"end":{"line":11,"column":null}},"1":{"start":{"line":25,"column":6},"end":{"line":25,"column":14}},"2":{"start":{"line":27,"column":10},"end":{"line":27,"column":17}},"3":{"start":{"line":29,"column":10},"end":{"line":29,"column":17}},"4":{"start":{"line":31,"column":10},"end":{"line":31,"column":17}},"5":{"start":{"line":33,"column":10},"end":{"line":33,"column":17}}},"fnMap":{"0":{"name":"(anonymous_0)","decl":{"start":{"line":24,"column":4},"end":{"line":24,"column":12}},"loc":{"start":{"line":24,"column":20},"end":{"line":35,"column":null}}}},"branchMap":{"0":{"loc":{"start":{"line":25,"column":6},"end":{"line":25,"column":14}},"type":"switch","locations":[{"start":{"line":26,"column":8},"end":{"line":27,"column":17}},{"start":{"line":28,"column":8},"end":{"line":29,"column":17}},{"start":{"line":30,"column":8},"end":{"line":31,"column":17}},{"start":{"line":32,"column":8},"end":{"line":33,"column":17}}]}},"s":{"0":1,"1":4,"2":1,"3":1,"4":1,"5":1},"f":{"0":4},"b":{"0":[1,1,1,1]}}
}
